2025-12-12 10:47:44,441 - Node5 - INFO - Node 5 initialized (Cluster 2)
2025-12-12 10:47:46,073 - Node5 - INFO - Server started on localhost:5005
2025-12-12 10:47:46,073 - Node5 - INFO - Serving on ('::1', 5005, 0, 0)
2025-12-12 10:48:06,715 - Node5 - INFO - *** NODE RECOVERED ***
2025-12-12 10:48:48,551 - Node5 - INFO - *** NODE RECOVERED ***
2025-12-12 10:50:26,560 - Node5 - INFO - *** NODE RECOVERED ***
2025-12-12 10:51:04,118 - Node5 - INFO - *** NODE RECOVERED ***
2025-12-12 11:07:30,416 - Node5 - INFO - Node 5 initialized (Cluster 2)
2025-12-12 11:07:30,572 - Node5 - INFO - Server started on localhost:5005
2025-12-12 11:07:30,572 - Node5 - INFO - Serving on ('127.0.0.1', 5005)
2025-12-12 11:11:55,432 - Node5 - INFO - Node 5 initialized (Cluster 2)
2025-12-12 11:11:55,479 - Node5 - INFO - Server started on localhost:5005
2025-12-12 11:11:55,479 - Node5 - INFO - Serving on ('127.0.0.1', 5005)
2025-12-12 11:12:30,398 - Node5 - INFO - Node 5 initialized (Cluster 2)
2025-12-12 11:12:30,804 - Node5 - INFO - Server started on localhost:5005
2025-12-12 11:12:30,804 - Node5 - INFO - Serving on ('::1', 5005, 0, 0)
2025-12-12 11:18:57,448 - Node5 - INFO - Node 5 initialized (Cluster 2)
2025-12-12 11:18:57,494 - Node5 - INFO - Server started on localhost:5005
2025-12-12 11:18:57,494 - Node5 - INFO - Serving on ('127.0.0.1', 5005)
2025-12-13 23:33:35,380 - Node5 - INFO - Node 5 initialized (Cluster 2)
2025-12-13 23:33:35,724 - Node5 - INFO - Server started on localhost:5005
2025-12-13 23:33:35,724 - Node5 - INFO - Serving on ('127.0.0.1', 5005)
