2025-12-12 10:47:47,442 - Node8 - INFO - Node 8 initialized (Cluster 3)
2025-12-12 10:47:49,116 - Node8 - INFO - Server started on localhost:5008
2025-12-12 10:47:49,116 - Node8 - INFO - Serving on ('::1', 5008, 0, 0)
2025-12-12 10:48:07,048 - Node8 - INFO - *** NODE RECOVERED ***
2025-12-12 10:48:48,879 - Node8 - INFO - *** NODE RECOVERED ***
2025-12-12 10:50:26,888 - Node8 - INFO - *** NODE RECOVERED ***
2025-12-12 10:51:04,446 - Node8 - INFO - *** NODE RECOVERED ***
2025-12-12 11:07:33,431 - Node8 - INFO - Node 8 initialized (Cluster 3)
2025-12-12 11:07:33,931 - Node8 - INFO - Server started on localhost:5008
2025-12-12 11:07:33,947 - Node8 - INFO - Serving on ('127.0.0.1', 5008)
2025-12-12 11:11:58,338 - Node8 - INFO - Node 8 initialized (Cluster 3)
2025-12-12 11:11:58,400 - Node8 - INFO - Server started on localhost:5008
2025-12-12 11:11:58,400 - Node8 - INFO - Serving on ('::1', 5008, 0, 0)
2025-12-12 11:12:33,413 - Node8 - INFO - Node 8 initialized (Cluster 3)
2025-12-12 11:12:33,866 - Node8 - INFO - Server started on localhost:5008
2025-12-12 11:12:33,866 - Node8 - INFO - Serving on ('127.0.0.1', 5008)
2025-12-12 11:19:00,385 - Node8 - INFO - Node 8 initialized (Cluster 3)
2025-12-12 11:19:00,463 - Node8 - INFO - Server started on localhost:5008
2025-12-12 11:19:00,463 - Node8 - INFO - Serving on ('127.0.0.1', 5008)
2025-12-13 23:33:38,430 - Node8 - INFO - Node 8 initialized (Cluster 3)
2025-12-13 23:33:38,711 - Node8 - INFO - Server started on localhost:5008
2025-12-13 23:33:38,711 - Node8 - INFO - Serving on ('::1', 5008, 0, 0)
